c:\users\panzehong\documents\visual studio 2015\projects\20171120_sample05\debug\vc140.pdb
c:\users\panzehong\documents\visual studio 2015\projects\20171120_sample05\debug\vc140.idb
c:\users\panzehong\documents\visual studio 2015\projects\20171120_sample05\debug\camera.obj
c:\users\panzehong\documents\visual studio 2015\projects\20171120_sample05\debug\input.obj
c:\users\panzehong\documents\visual studio 2015\projects\20171120_sample05\debug\light.obj
c:\users\panzehong\documents\visual studio 2015\projects\20171120_sample05\debug\main.obj
c:\users\panzehong\documents\visual studio 2015\projects\20171120_sample05\debug\meshfield.obj
c:\users\panzehong\documents\visual studio 2015\projects\20171120_sample05\debug\meshwall.obj
c:\users\panzehong\documents\visual studio 2015\projects\20171120_sample05\debug\model.obj
c:\users\panzehong\documents\visual studio 2015\projects\20171120_sample05\debug\shadow.obj
c:\users\panzehong\documents\visual studio 2015\projects\20171120_sample05\debug\debugproc.obj
c:\users\panzehong\documents\visual studio 2015\projects\20171120_sample05\debug\billboard.obj
c:\users\panzehong\documents\visual studio 2015\projects\20171120_sample05\debug\tree.obj
c:\users\panzehong\documents\visual studio 2015\projects\20171120_sample05\debug\20171120_sample05.ilk
c:\users\panzehong\documents\visual studio 2015\projects\20171120_sample05\debug\20171120_sample05.exe
c:\users\panzehong\documents\visual studio 2015\projects\20171120_sample05\debug\20171120_sample05.pdb
c:\users\panzehong\documents\visual studio 2015\projects\20171120_sample05\debug\20171120.d6cea36d.tlog\cl.command.1.tlog
c:\users\panzehong\documents\visual studio 2015\projects\20171120_sample05\debug\20171120.d6cea36d.tlog\cl.read.1.tlog
c:\users\panzehong\documents\visual studio 2015\projects\20171120_sample05\debug\20171120.d6cea36d.tlog\cl.write.1.tlog
c:\users\panzehong\documents\visual studio 2015\projects\20171120_sample05\debug\20171120.d6cea36d.tlog\link.command.1.tlog
c:\users\panzehong\documents\visual studio 2015\projects\20171120_sample05\debug\20171120.d6cea36d.tlog\link.read.1.tlog
c:\users\panzehong\documents\visual studio 2015\projects\20171120_sample05\debug\20171120.d6cea36d.tlog\link.write.1.tlog
